reservation cleanup error MongoServerSelectionError: Server selection timed out after 30000 ms
    at Timeout._onTimeout (C:\Users\Shashwat Kashyap\Desktop\projectpm\backend\node_modules\mongodb\lib\sdam\topology.js:278:38)
    at listOnTimeout (node:internal/timers:588:17)
    at process.processTimers (node:internal/timers:523:7) {
  reason: TopologyDescription {
    type: 'ReplicaSetNoPrimary',
    servers: Map(0) {},
    stale: false,
    compatible: true,
    heartbeatFrequencyMS: 10000,
    localThresholdMS: 15,
    setName: 'rs0',
    maxElectionId: new ObjectId("7fffffff0000000000000002"),
    maxSetVersion: 1,
    commonWireVersion: 0,
    logicalSessionTimeoutMinutes: null
  },
  code: undefined,
  [Symbol(errorLabels)]: Set(0) {}
}
reservation cleanup error MongoServerSelectionError: Server selection timed out after 30000 ms
    at Timeout._onTimeout (C:\Users\Shashwat Kashyap\Desktop\projectpm\backend\node_modules\mongodb\lib\sdam\topology.js:278:38)
    at listOnTimeout (node:internal/timers:588:17)
    at process.processTimers (node:internal/timers:523:7) {
  reason: TopologyDescription {
    type: 'ReplicaSetNoPrimary',
    servers: Map(0) {},
    stale: false,
    compatible: true,
    heartbeatFrequencyMS: 10000,
    localThresholdMS: 15,
    setName: 'rs0',
    maxElectionId: new ObjectId("7fffffff0000000000000002"),
    maxSetVersion: 1,
    commonWireVersion: 0,
    logicalSessionTimeoutMinutes: null
  },
  code: undefined,
  [Symbol(errorLabels)]: Set(0) {}
}
reservation cleanup error MongoServerSelectionError: Server selection timed out after 30000 ms
    at Timeout._onTimeout (C:\Users\Shashwat Kashyap\Desktop\projectpm\backend\node_modules\mongodb\lib\sdam\topology.js:278:38)
    at listOnTimeout (node:internal/timers:588:17)
    at process.processTimers (node:internal/timers:523:7) {
  reason: TopologyDescription {
    type: 'ReplicaSetNoPrimary',
    servers: Map(0) {},
    stale: false,
    compatible: true,
    heartbeatFrequencyMS: 10000,
    localThresholdMS: 15,
    setName: 'rs0',
    maxElectionId: new ObjectId("7fffffff0000000000000002"),
    maxSetVersion: 1,
    commonWireVersion: 0,
    logicalSessionTimeoutMinutes: null
  },
  code: undefined,
  [Symbol(errorLabels)]: Set(0) {}
}
reservation cleanup error MongoServerSelectionError: Server selection timed out after 30000 ms
    at Timeout._onTimeout (C:\Users\Shashwat Kashyap\Desktop\projectpm\backend\node_modules\mongodb\lib\sdam\topology.js:278:38)
    at listOnTimeout (node:internal/timers:588:17)
    at process.processTimers (node:internal/timers:523:7) {
  reason: TopologyDescription {
    type: 'ReplicaSetNoPrimary',
    servers: Map(0) {},
    stale: false,
    compatible: true,
    heartbeatFrequencyMS: 10000,
    localThresholdMS: 15,
    setName: 'rs0',
    maxElectionId: new ObjectId("7fffffff0000000000000002"),
    maxSetVersion: 1,
    commonWireVersion: 0,
    logicalSessionTimeoutMinutes: null
  },
  code: undefined,
  [Symbol(errorLabels)]: Set(0) {}
}
reservation cleanup error MongoServerSelectionError: Server selection timed out after 30000 ms
    at Timeout._onTimeout (C:\Users\Shashwat Kashyap\Desktop\projectpm\backend\node_modules\mongodb\lib\sdam\topology.js:278:38)
    at listOnTimeout (node:internal/timers:588:17)
    at process.processTimers (node:internal/timers:523:7) {
  reason: TopologyDescription {
    type: 'ReplicaSetNoPrimary',
    servers: Map(0) {},
    stale: false,
    compatible: true,
    heartbeatFrequencyMS: 10000,
    localThresholdMS: 15,
    setName: 'rs0',
    maxElectionId: new ObjectId("7fffffff0000000000000002"),
    maxSetVersion: 1,
    commonWireVersion: 0,
    logicalSessionTimeoutMinutes: null
  },
  code: undefined,
  [Symbol(errorLabels)]: Set(0) {}
}
reservation cleanup error MongoServerSelectionError: Server selection timed out after 30000 ms
    at Timeout._onTimeout (C:\Users\Shashwat Kashyap\Desktop\projectpm\backend\node_modules\mongodb\lib\sdam\topology.js:278:38)
    at listOnTimeout (node:internal/timers:588:17)
    at process.processTimers (node:internal/timers:523:7) {
  reason: TopologyDescription {
    type: 'ReplicaSetNoPrimary',
    servers: Map(0) {},
    stale: false,
    compatible: true,
    heartbeatFrequencyMS: 10000,
    localThresholdMS: 15,
    setName: 'rs0',
    maxElectionId: new ObjectId("7fffffff0000000000000002"),
    maxSetVersion: 1,
    commonWireVersion: 0,
    logicalSessionTimeoutMinutes: null
  },
  code: undefined,
  [Symbol(errorLabels)]: Set(0) {}
}
reservation cleanup error MongoServerSelectionError: Server selection timed out after 30000 ms
    at Timeout._onTimeout (C:\Users\Shashwat Kashyap\Desktop\projectpm\backend\node_modules\mongodb\lib\sdam\topology.js:278:38)
    at listOnTimeout (node:internal/timers:588:17)
    at process.processTimers (node:internal/timers:523:7) {
  reason: TopologyDescription {
    type: 'ReplicaSetNoPrimary',
    servers: Map(0) {},
    stale: false,
    compatible: true,
    heartbeatFrequencyMS: 10000,
    localThresholdMS: 15,
    setName: 'rs0',
    maxElectionId: new ObjectId("7fffffff0000000000000002"),
    maxSetVersion: 1,
    commonWireVersion: 0,
    logicalSessionTimeoutMinutes: null
  },
  code: undefined,
  [Symbol(errorLabels)]: Set(0) {}
}
reservation cleanup error MongoServerSelectionError: Server selection timed out after 30000 ms
    at Timeout._onTimeout (C:\Users\Shashwat Kashyap\Desktop\projectpm\backend\node_modules\mongodb\lib\sdam\topology.js:278:38)
    at listOnTimeout (node:internal/timers:588:17)
    at process.processTimers (node:internal/timers:523:7) {
  reason: TopologyDescription {
    type: 'ReplicaSetNoPrimary',
    servers: Map(0) {},
    stale: false,
    compatible: true,
    heartbeatFrequencyMS: 10000,
    localThresholdMS: 15,
    setName: 'rs0',
    maxElectionId: new ObjectId("7fffffff0000000000000002"),
    maxSetVersion: 1,
    commonWireVersion: 0,
    logicalSessionTimeoutMinutes: null
  },
  code: undefined,
  [Symbol(errorLabels)]: Set(0) {}
}
reservation cleanup error MongoServerSelectionError: Server selection timed out after 30000 ms
    at Timeout._onTimeout (C:\Users\Shashwat Kashyap\Desktop\projectpm\backend\node_modules\mongodb\lib\sdam\topology.js:278:38)
    at listOnTimeout (node:internal/timers:588:17)
    at process.processTimers (node:internal/timers:523:7) {
  reason: TopologyDescription {
    type: 'ReplicaSetNoPrimary',
    servers: Map(0) {},
    stale: false,
    compatible: true,
    heartbeatFrequencyMS: 10000,
    localThresholdMS: 15,
    setName: 'rs0',
    maxElectionId: new ObjectId("7fffffff0000000000000002"),
    maxSetVersion: 1,
    commonWireVersion: 0,
    logicalSessionTimeoutMinutes: null
  },
  code: undefined,
  [Symbol(errorLabels)]: Set(0) {}
}
reservation cleanup error MongoServerSelectionError: Server selection timed out after 30000 ms
    at Timeout._onTimeout (C:\Users\Shashwat Kashyap\Desktop\projectpm\backend\node_modules\mongodb\lib\sdam\topology.js:278:38)
    at listOnTimeout (node:internal/timers:588:17)
    at process.processTimers (node:internal/timers:523:7) {
  reason: TopologyDescription {
    type: 'ReplicaSetNoPrimary',
    servers: Map(0) {},
    stale: false,
    compatible: true,
    heartbeatFrequencyMS: 10000,
    localThresholdMS: 15,
    setName: 'rs0',
    maxElectionId: new ObjectId("7fffffff0000000000000002"),
    maxSetVersion: 1,
    commonWireVersion: 0,
    logicalSessionTimeoutMinutes: null
  },
  code: undefined,
  [Symbol(errorLabels)]: Set(0) {}
}
reservation cleanup error MongoServerSelectionError: Server selection timed out after 30000 ms
    at Timeout._onTimeout (C:\Users\Shashwat Kashyap\Desktop\projectpm\backend\node_modules\mongodb\lib\sdam\topology.js:278:38)
    at listOnTimeout (node:internal/timers:588:17)
    at process.processTimers (node:internal/timers:523:7) {
  reason: TopologyDescription {
    type: 'ReplicaSetNoPrimary',
    servers: Map(0) {},
    stale: false,
    compatible: true,
    heartbeatFrequencyMS: 10000,
    localThresholdMS: 15,
    setName: 'rs0',
    maxElectionId: new ObjectId("7fffffff0000000000000002"),
    maxSetVersion: 1,
    commonWireVersion: 0,
    logicalSessionTimeoutMinutes: null
  },
  code: undefined,
  [Symbol(errorLabels)]: Set(0) {}
}
reservation cleanup error MongoServerSelectionError: Server selection timed out after 30000 ms
    at Timeout._onTimeout (C:\Users\Shashwat Kashyap\Desktop\projectpm\backend\node_modules\mongodb\lib\sdam\topology.js:278:38)
    at listOnTimeout (node:internal/timers:588:17)
    at process.processTimers (node:internal/timers:523:7) {
  reason: TopologyDescription {
    type: 'ReplicaSetNoPrimary',
    servers: Map(0) {},
    stale: false,
    compatible: true,
    heartbeatFrequencyMS: 10000,
    localThresholdMS: 15,
    setName: 'rs0',
    maxElectionId: new ObjectId("7fffffff0000000000000002"),
    maxSetVersion: 1,
    commonWireVersion: 0,
    logicalSessionTimeoutMinutes: null
  },
  code: undefined,
  [Symbol(errorLabels)]: Set(0) {}
}
reservation cleanup error MongoServerSelectionError: Server selection timed out after 30000 ms
    at Timeout._onTimeout (C:\Users\Shashwat Kashyap\Desktop\projectpm\backend\node_modules\mongodb\lib\sdam\topology.js:278:38)
    at listOnTimeout (node:internal/timers:588:17)
    at process.processTimers (node:internal/timers:523:7) {
  reason: TopologyDescription {
    type: 'ReplicaSetNoPrimary',
    servers: Map(0) {},
    stale: false,
    compatible: true,
    heartbeatFrequencyMS: 10000,
    localThresholdMS: 15,
    setName: 'rs0',
    maxElectionId: new ObjectId("7fffffff0000000000000002"),
    maxSetVersion: 1,
    commonWireVersion: 0,
    logicalSessionTimeoutMinutes: null
  },
  code: undefined,
  [Symbol(errorLabels)]: Set(0) {}
}
reservation cleanup error MongoServerSelectionError: Server selection timed out after 30000 ms
    at Timeout._onTimeout (C:\Users\Shashwat Kashyap\Desktop\projectpm\backend\node_modules\mongodb\lib\sdam\topology.js:278:38)
    at listOnTimeout (node:internal/timers:588:17)
    at process.processTimers (node:internal/timers:523:7) {
  reason: TopologyDescription {
    type: 'ReplicaSetNoPrimary',
    servers: Map(0) {},
    stale: false,
    compatible: true,
    heartbeatFrequencyMS: 10000,
    localThresholdMS: 15,
    setName: 'rs0',
    maxElectionId: new ObjectId("7fffffff0000000000000002"),
    maxSetVersion: 1,
    commonWireVersion: 0,
    logicalSessionTimeoutMinutes: null
  },
  code: undefined,
  [Symbol(errorLabels)]: Set(0) {}
}
reservation cleanup error MongoServerSelectionError: Server selection timed out after 30000 ms
    at Timeout._onTimeout (C:\Users\Shashwat Kashyap\Desktop\projectpm\backend\node_modules\mongodb\lib\sdam\topology.js:278:38)
    at listOnTimeout (node:internal/timers:588:17)
    at process.processTimers (node:internal/timers:523:7) {
  reason: TopologyDescription {
    type: 'ReplicaSetNoPrimary',
    servers: Map(0) {},
    stale: false,
    compatible: true,
    heartbeatFrequencyMS: 10000,
    localThresholdMS: 15,
    setName: 'rs0',
    maxElectionId: new ObjectId("7fffffff0000000000000002"),
    maxSetVersion: 1,
    commonWireVersion: 0,
    logicalSessionTimeoutMinutes: null
  },
  code: undefined,
  [Symbol(errorLabels)]: Set(0) {}
}
reservation cleanup error MongoServerSelectionError: Server selection timed out after 30000 ms
    at Timeout._onTimeout (C:\Users\Shashwat Kashyap\Desktop\projectpm\backend\node_modules\mongodb\lib\sdam\topology.js:278:38)
    at listOnTimeout (node:internal/timers:588:17)
    at process.processTimers (node:internal/timers:523:7) {
  reason: TopologyDescription {
    type: 'ReplicaSetNoPrimary',
    servers: Map(0) {},
    stale: false,
    compatible: true,
    heartbeatFrequencyMS: 10000,
    localThresholdMS: 15,
    setName: 'rs0',
    maxElectionId: new ObjectId("7fffffff0000000000000002"),
    maxSetVersion: 1,
    commonWireVersion: 0,
    logicalSessionTimeoutMinutes: null
  },
  code: undefined,
  [Symbol(errorLabels)]: Set(0) {}
}
reservation cleanup error MongoServerSelectionError: Server selection timed out after 30000 ms
    at Timeout._onTimeout (C:\Users\Shashwat Kashyap\Desktop\projectpm\backend\node_modules\mongodb\lib\sdam\topology.js:278:38)
    at listOnTimeout (node:internal/timers:588:17)
    at process.processTimers (node:internal/timers:523:7) {
  reason: TopologyDescription {
    type: 'ReplicaSetNoPrimary',
    servers: Map(0) {},
    stale: false,
    compatible: true,
    heartbeatFrequencyMS: 10000,
    localThresholdMS: 15,
    setName: 'rs0',
    maxElectionId: new ObjectId("7fffffff0000000000000002"),
    maxSetVersion: 1,
    commonWireVersion: 0,
    logicalSessionTimeoutMinutes: null
  },
  code: undefined,
  [Symbol(errorLabels)]: Set(0) {}
}
reservation cleanup error MongoServerSelectionError: Server selection timed out after 30000 ms
    at Timeout._onTimeout (C:\Users\Shashwat Kashyap\Desktop\projectpm\backend\node_modules\mongodb\lib\sdam\topology.js:278:38)
    at listOnTimeout (node:internal/timers:588:17)
    at process.processTimers (node:internal/timers:523:7) {
  reason: TopologyDescription {
    type: 'ReplicaSetNoPrimary',
    servers: Map(0) {},
    stale: false,
    compatible: true,
    heartbeatFrequencyMS: 10000,
    localThresholdMS: 15,
    setName: 'rs0',
    maxElectionId: new ObjectId("7fffffff0000000000000002"),
    maxSetVersion: 1,
    commonWireVersion: 0,
    logicalSessionTimeoutMinutes: null
  },
  code: undefined,
  [Symbol(errorLabels)]: Set(0) {}
}
reservation cleanup error MongoServerSelectionError: Server selection timed out after 30000 ms
    at Timeout._onTimeout (C:\Users\Shashwat Kashyap\Desktop\projectpm\backend\node_modules\mongodb\lib\sdam\topology.js:278:38)
    at listOnTimeout (node:internal/timers:588:17)
    at process.processTimers (node:internal/timers:523:7) {
  reason: TopologyDescription {
    type: 'ReplicaSetNoPrimary',
    servers: Map(0) {},
    stale: false,
    compatible: true,
    heartbeatFrequencyMS: 10000,
    localThresholdMS: 15,
    setName: 'rs0',
    maxElectionId: new ObjectId("7fffffff0000000000000002"),
    maxSetVersion: 1,
    commonWireVersion: 0,
    logicalSessionTimeoutMinutes: null
  },
  code: undefined,
  [Symbol(errorLabels)]: Set(0) {}
}
reservation cleanup error MongoServerSelectionError: Server selection timed out after 30000 ms
    at Timeout._onTimeout (C:\Users\Shashwat Kashyap\Desktop\projectpm\backend\node_modules\mongodb\lib\sdam\topology.js:278:38)
    at listOnTimeout (node:internal/timers:588:17)
    at process.processTimers (node:internal/timers:523:7) {
  reason: TopologyDescription {
    type: 'ReplicaSetNoPrimary',
    servers: Map(0) {},
    stale: false,
    compatible: true,
    heartbeatFrequencyMS: 10000,
    localThresholdMS: 15,
    setName: 'rs0',
    maxElectionId: new ObjectId("7fffffff0000000000000002"),
    maxSetVersion: 1,
    commonWireVersion: 0,
    logicalSessionTimeoutMinutes: null
  },
  code: undefined,
  [Symbol(errorLabels)]: Set(0) {}
}
reservation cleanup error MongoServerSelectionError: Server selection timed out after 30000 ms
    at Timeout._onTimeout (C:\Users\Shashwat Kashyap\Desktop\projectpm\backend\node_modules\mongodb\lib\sdam\topology.js:278:38)
    at listOnTimeout (node:internal/timers:588:17)
    at process.processTimers (node:internal/timers:523:7) {
  reason: TopologyDescription {
    type: 'ReplicaSetNoPrimary',
    servers: Map(0) {},
    stale: false,
    compatible: true,
    heartbeatFrequencyMS: 10000,
    localThresholdMS: 15,
    setName: 'rs0',
    maxElectionId: new ObjectId("7fffffff0000000000000002"),
    maxSetVersion: 1,
    commonWireVersion: 0,
    logicalSessionTimeoutMinutes: null
  },
  code: undefined,
  [Symbol(errorLabels)]: Set(0) {}
}
reservation cleanup error MongoServerSelectionError: Server selection timed out after 30000 ms
    at Timeout._onTimeout (C:\Users\Shashwat Kashyap\Desktop\projectpm\backend\node_modules\mongodb\lib\sdam\topology.js:278:38)
    at listOnTimeout (node:internal/timers:588:17)
    at process.processTimers (node:internal/timers:523:7) {
  reason: TopologyDescription {
    type: 'ReplicaSetNoPrimary',
    servers: Map(0) {},
    stale: false,
    compatible: true,
    heartbeatFrequencyMS: 10000,
    localThresholdMS: 15,
    setName: 'rs0',
    maxElectionId: new ObjectId("7fffffff0000000000000002"),
    maxSetVersion: 1,
    commonWireVersion: 0,
    logicalSessionTimeoutMinutes: null
  },
  code: undefined,
  [Symbol(errorLabels)]: Set(0) {}
}
reservation cleanup error MongoServerSelectionError: Server selection timed out after 30000 ms
    at Timeout._onTimeout (C:\Users\Shashwat Kashyap\Desktop\projectpm\backend\node_modules\mongodb\lib\sdam\topology.js:278:38)
    at listOnTimeout (node:internal/timers:588:17)
    at process.processTimers (node:internal/timers:523:7) {
  reason: TopologyDescription {
    type: 'ReplicaSetNoPrimary',
    servers: Map(0) {},
    stale: false,
    compatible: true,
    heartbeatFrequencyMS: 10000,
    localThresholdMS: 15,
    setName: 'rs0',
    maxElectionId: new ObjectId("7fffffff0000000000000002"),
    maxSetVersion: 1,
    commonWireVersion: 0,
    logicalSessionTimeoutMinutes: null
  },
  code: undefined,
  [Symbol(errorLabels)]: Set(0) {}
}
reservation cleanup error MongoServerSelectionError: Server selection timed out after 30000 ms
    at Timeout._onTimeout (C:\Users\Shashwat Kashyap\Desktop\projectpm\backend\node_modules\mongodb\lib\sdam\topology.js:278:38)
    at listOnTimeout (node:internal/timers:588:17)
    at process.processTimers (node:internal/timers:523:7) {
  reason: TopologyDescription {
    type: 'ReplicaSetNoPrimary',
    servers: Map(0) {},
    stale: false,
    compatible: true,
    heartbeatFrequencyMS: 10000,
    localThresholdMS: 15,
    setName: 'rs0',
    maxElectionId: new ObjectId("7fffffff0000000000000002"),
    maxSetVersion: 1,
    commonWireVersion: 0,
    logicalSessionTimeoutMinutes: null
  },
  code: undefined,
  [Symbol(errorLabels)]: Set(0) {}
}
reservation cleanup error MongoServerSelectionError: Server selection timed out after 30000 ms
    at Timeout._onTimeout (C:\Users\Shashwat Kashyap\Desktop\projectpm\backend\node_modules\mongodb\lib\sdam\topology.js:278:38)
    at listOnTimeout (node:internal/timers:588:17)
    at process.processTimers (node:internal/timers:523:7) {
  reason: TopologyDescription {
    type: 'ReplicaSetNoPrimary',
    servers: Map(0) {},
    stale: false,
    compatible: true,
    heartbeatFrequencyMS: 10000,
    localThresholdMS: 15,
    setName: 'rs0',
    maxElectionId: new ObjectId("7fffffff0000000000000002"),
    maxSetVersion: 1,
    commonWireVersion: 0,
    logicalSessionTimeoutMinutes: null
  },
  code: undefined,
  [Symbol(errorLabels)]: Set(0) {}
}
reservation cleanup error MongoServerSelectionError: Server selection timed out after 30000 ms
    at Timeout._onTimeout (C:\Users\Shashwat Kashyap\Desktop\projectpm\backend\node_modules\mongodb\lib\sdam\topology.js:278:38)
    at listOnTimeout (node:internal/timers:588:17)
    at process.processTimers (node:internal/timers:523:7) {
  reason: TopologyDescription {
    type: 'ReplicaSetNoPrimary',
    servers: Map(0) {},
    stale: false,
    compatible: true,
    heartbeatFrequencyMS: 10000,
    localThresholdMS: 15,
    setName: 'rs0',
    maxElectionId: new ObjectId("7fffffff0000000000000002"),
    maxSetVersion: 1,
    commonWireVersion: 0,
    logicalSessionTimeoutMinutes: null
  },
  code: undefined,
  [Symbol(errorLabels)]: Set(0) {}
}
reservation cleanup error MongoServerSelectionError: Server selection timed out after 30000 ms
    at Timeout._onTimeout (C:\Users\Shashwat Kashyap\Desktop\projectpm\backend\node_modules\mongodb\lib\sdam\topology.js:278:38)
    at listOnTimeout (node:internal/timers:588:17)
    at process.processTimers (node:internal/timers:523:7) {
  reason: TopologyDescription {
    type: 'ReplicaSetNoPrimary',
    servers: Map(0) {},
    stale: false,
    compatible: true,
    heartbeatFrequencyMS: 10000,
    localThresholdMS: 15,
    setName: 'rs0',
    maxElectionId: new ObjectId("7fffffff0000000000000002"),
    maxSetVersion: 1,
    commonWireVersion: 0,
    logicalSessionTimeoutMinutes: null
  },
  code: undefined,
  [Symbol(errorLabels)]: Set(0) {}
}
reservation cleanup error MongoServerSelectionError: Server selection timed out after 30000 ms
    at Timeout._onTimeout (C:\Users\Shashwat Kashyap\Desktop\projectpm\backend\node_modules\mongodb\lib\sdam\topology.js:278:38)
    at listOnTimeout (node:internal/timers:588:17)
    at process.processTimers (node:internal/timers:523:7) {
  reason: TopologyDescription {
    type: 'ReplicaSetNoPrimary',
    servers: Map(0) {},
    stale: false,
    compatible: true,
    heartbeatFrequencyMS: 10000,
    localThresholdMS: 15,
    setName: 'rs0',
    maxElectionId: new ObjectId("7fffffff0000000000000002"),
    maxSetVersion: 1,
    commonWireVersion: 0,
    logicalSessionTimeoutMinutes: null
  },
  code: undefined,
  [Symbol(errorLabels)]: Set(0) {}
}
reservation cleanup error MongoServerSelectionError: Server selection timed out after 30000 ms
    at Timeout._onTimeout (C:\Users\Shashwat Kashyap\Desktop\projectpm\backend\node_modules\mongodb\lib\sdam\topology.js:278:38)
    at listOnTimeout (node:internal/timers:588:17)
    at process.processTimers (node:internal/timers:523:7) {
  reason: TopologyDescription {
    type: 'ReplicaSetNoPrimary',
    servers: Map(0) {},
    stale: false,
    compatible: true,
    heartbeatFrequencyMS: 10000,
    localThresholdMS: 15,
    setName: 'rs0',
    maxElectionId: new ObjectId("7fffffff0000000000000002"),
    maxSetVersion: 1,
    commonWireVersion: 0,
    logicalSessionTimeoutMinutes: null
  },
  code: undefined,
  [Symbol(errorLabels)]: Set(0) {}
}
reservation cleanup error MongoServerSelectionError: Server selection timed out after 30000 ms
    at Timeout._onTimeout (C:\Users\Shashwat Kashyap\Desktop\projectpm\backend\node_modules\mongodb\lib\sdam\topology.js:278:38)
    at listOnTimeout (node:internal/timers:588:17)
    at process.processTimers (node:internal/timers:523:7) {
  reason: TopologyDescription {
    type: 'ReplicaSetNoPrimary',
    servers: Map(0) {},
    stale: false,
    compatible: true,
    heartbeatFrequencyMS: 10000,
    localThresholdMS: 15,
    setName: 'rs0',
    maxElectionId: new ObjectId("7fffffff0000000000000002"),
    maxSetVersion: 1,
    commonWireVersion: 0,
    logicalSessionTimeoutMinutes: null
  },
  code: undefined,
  [Symbol(errorLabels)]: Set(0) {}
}
reservation cleanup error MongoServerSelectionError: Server selection timed out after 30000 ms
    at Timeout._onTimeout (C:\Users\Shashwat Kashyap\Desktop\projectpm\backend\node_modules\mongodb\lib\sdam\topology.js:278:38)
    at listOnTimeout (node:internal/timers:588:17)
    at process.processTimers (node:internal/timers:523:7) {
  reason: TopologyDescription {
    type: 'ReplicaSetNoPrimary',
    servers: Map(0) {},
    stale: false,
    compatible: true,
    heartbeatFrequencyMS: 10000,
    localThresholdMS: 15,
    setName: 'rs0',
    maxElectionId: new ObjectId("7fffffff0000000000000002"),
    maxSetVersion: 1,
    commonWireVersion: 0,
    logicalSessionTimeoutMinutes: null
  },
  code: undefined,
  [Symbol(errorLabels)]: Set(0) {}
}
unhandledRejection MongoServerSelectionError: Server selection timed out after 30000 ms
    at Timeout._onTimeout (C:\Users\Shashwat Kashyap\Desktop\projectpm\backend\node_modules\mongodb\lib\sdam\topology.js:278:38)
    at listOnTimeout (node:internal/timers:588:17)
    at process.processTimers (node:internal/timers:523:7) {
  reason: TopologyDescription {
    type: 'ReplicaSetNoPrimary',
    servers: Map(0) {},
    stale: false,
    compatible: true,
    heartbeatFrequencyMS: 10000,
    localThresholdMS: 15,
    setName: 'rs0',
    maxElectionId: new ObjectId("7fffffff0000000000000002"),
    maxSetVersion: 1,
    commonWireVersion: 0,
    logicalSessionTimeoutMinutes: null
  },
  code: undefined,
  [Symbol(errorLabels)]: Set(0) {}
}
unhandledRejection MongoServerSelectionError: Server selection timed out after 30000 ms
    at Timeout._onTimeout (C:\Users\Shashwat Kashyap\Desktop\projectpm\backend\node_modules\mongodb\lib\sdam\topology.js:278:38)
    at listOnTimeout (node:internal/timers:588:17)
    at process.processTimers (node:internal/timers:523:7) {
  reason: TopologyDescription {
    type: 'ReplicaSetNoPrimary',
    servers: Map(0) {},
    stale: false,
    compatible: true,
    heartbeatFrequencyMS: 10000,
    localThresholdMS: 15,
    setName: 'rs0',
    maxElectionId: new ObjectId("7fffffff0000000000000002"),
    maxSetVersion: 1,
    commonWireVersion: 0,
    logicalSessionTimeoutMinutes: null
  },
  code: undefined,
  [Symbol(errorLabels)]: Set(0) {}
}
